# JRE version: Java(TM) SE Runtime Environment (8.0_291-b10) (build 1.8.0_291-b10)
# Java VM: Java HotSpot(TM) 64-Bit Server VM (25.291-b10 mixed mode windows-amd64 compressed oops)
Heap:
 PSYoungGen      total 212480K, used 49664K [0x0000000741300000, 0x000000074f200000, 0x00000007c0000000)
  eden space 196608K, 25% used [0x0000000741300000,0x00000007443802a8,0x000000074d300000)
  from space 15872K, 0% used [0x000000074e280000,0x000000074e280000,0x000000074f200000)
  to   space 15872K, 0% used [0x000000074d300000,0x000000074d300000,0x000000074e280000)
 ParOldGen       total 892928K, used 781906K [0x0000000643800000, 0x000000067a000000, 0x0000000741300000)
  object space 892928K, 87% used [0x0000000643800000,0x0000000673394808,0x000000067a000000)
 Metaspace       used 3521K, capacity 4566K, committed 4864K, reserved 1056768K
  class space    used 377K, capacity 390K, committed 512K, reserved 1048576K
GC Heap History (6 events):
Event: 0.074 GC heap before
{Heap before GC invocations=1 (full 0):
 PSYoungGen      total 114176K, used 5898K [0x0000000741300000, 0x0000000749200000, 0x00000007c0000000)
  eden space 98304K, 6% used [0x0000000741300000,0x00000007418c2930,0x0000000747300000)
  from space 15872K, 0% used [0x0000000748280000,0x0000000748280000,0x0000000749200000)
  to   space 15872K, 0% used [0x0000000747300000,0x0000000747300000,0x0000000748280000)
 ParOldGen       total 261120K, used 0K [0x0000000643800000, 0x0000000653700000, 0x0000000741300000)
  object space 261120K, 0% used [0x0000000643800000,0x0000000643800000,0x0000000653700000)
 Metaspace       used 3240K, capacity 4500K, committed 4864K, reserved 1056768K
  class space    used 355K, capacity 388K, committed 512K, reserved 1048576K
Event: 0.075 GC heap after
Heap after GC invocations=1 (full 0):
 PSYoungGen      total 114176K, used 872K [0x0000000741300000, 0x000000074f200000, 0x00000007c0000000)
  eden space 98304K, 0% used [0x0000000741300000,0x0000000741300000,0x0000000747300000)
  from space 15872K, 5% used [0x0000000747300000,0x00000007473da020,0x0000000748280000)
  to   space 15872K, 0% used [0x000000074e280000,0x000000074e280000,0x000000074f200000)
 ParOldGen       total 261120K, used 8K [0x0000000643800000, 0x0000000653700000, 0x0000000741300000)
  object space 261120K, 0% used [0x0000000643800000,0x0000000643802000,0x0000000653700000)
 Metaspace       used 3240K, capacity 4500K, committed 4864K, reserved 1056768K
  class space    used 355K, capacity 388K, committed 512K, reserved 1048576K
}
Event: 0.075 GC heap before
{Heap before GC invocations=2 (full 0):
 PSYoungGen      total 114176K, used 872K [0x0000000741300000, 0x000000074f200000, 0x00000007c0000000)
  eden space 98304K, 0% used [0x0000000741300000,0x0000000741300000,0x0000000747300000)
  from space 15872K, 5% used [0x0000000747300000,0x00000007473da020,0x0000000748280000)
  to   space 15872K, 0% used [0x000000074e280000,0x000000074e280000,0x000000074f200000)
 ParOldGen       total 261120K, used 8K [0x0000000643800000, 0x0000000653700000, 0x0000000741300000)
  object space 261120K, 0% used [0x0000000643800000,0x0000000643802000,0x0000000653700000)
 Metaspace       used 3240K, capacity 4500K, committed 4864K, reserved 1056768K
  class space    used 355K, capacity 388K, committed 512K, reserved 1048576K
Event: 0.075 GC heap after
Heap after GC invocations=2 (full 0):
 PSYoungGen      total 212480K, used 856K [0x0000000741300000, 0x000000074f200000, 0x00000007c0000000)
  eden space 196608K, 0% used [0x0000000741300000,0x0000000741300000,0x000000074d300000)
  from space 15872K, 5% used [0x000000074e280000,0x000000074e356010,0x000000074f200000)
  to   space 15872K, 0% used [0x000000074d300000,0x000000074d300000,0x000000074e280000)
 ParOldGen       total 261120K, used 8K [0x0000000643800000, 0x0000000653700000, 0x0000000741300000)
  object space 261120K, 0% used [0x0000000643800000,0x0000000643802000,0x0000000653700000)
 Metaspace       used 3240K, capacity 4500K, committed 4864K, reserved 1056768K
  class space    used 355K, capacity 388K, committed 512K, reserved 1048576K
}
Event: 0.075 GC heap before
{Heap before GC invocations=3 (full 1):
 PSYoungGen      total 212480K, used 856K [0x0000000741300000, 0x000000074f200000, 0x00000007c0000000)
  eden space 196608K, 0% used [0x0000000741300000,0x0000000741300000,0x000000074d300000)
  from space 15872K, 5% used [0x000000074e280000,0x000000074e356010,0x000000074f200000)
  to   space 15872K, 0% used [0x000000074d300000,0x000000074d300000,0x000000074e280000)
 ParOldGen       total 261120K, used 8K [0x0000000643800000, 0x0000000653700000, 0x0000000741300000)
  object space 261120K, 0% used [0x0000000643800000,0x0000000643802000,0x0000000653700000)
 Metaspace       used 3240K, capacity 4500K, committed 4864K, reserved 1056768K
  class space    used 355K, capacity 388K, committed 512K, reserved 1048576K
Event: 0.079 GC heap after
Heap after GC invocations=3 (full 1):
 PSYoungGen      total 212480K, used 0K [0x0000000741300000, 0x000000074f200000, 0x00000007c0000000)
  eden space 196608K, 0% used [0x0000000741300000,0x0000000741300000,0x000000074d300000)
  from space 15872K, 0% used [0x000000074e280000,0x000000074e280000,0x000000074f200000)
  to   space 15872K, 0% used [0x000000074d300000,0x000000074d300000,0x000000074e280000)
 ParOldGen       total 111616K, used 655K [0x0000000643800000, 0x000000064a500000, 0x0000000741300000)
  object space 111616K, 0% used [0x0000000643800000,0x00000006438a3ff8,0x000000064a500000)
 Metaspace       used 3240K, capacity 4500K, committed 4864K, reserved 1056768K
  class space    used 355K, capacity 388K, committed 512K, reserved 1048576K
}

