# JRE version: Java(TM) SE Runtime Environment (8.0_291-b10) (build 1.8.0_291-b10)
# Java VM: Java HotSpot(TM) 64-Bit Server VM (25.291-b10 mixed mode windows-amd64 compressed oops)
Heap:
 PSYoungGen      total 114176K, used 0K [0x0000000741300000, 0x000000074f200000, 0x00000007c0000000)
  eden space 98304K, 0% used [0x0000000741300000,0x0000000741300000,0x0000000747300000)
  from space 15872K, 0% used [0x0000000748280000,0x0000000748280000,0x0000000749200000)
  to   space 15872K, 0% used [0x0000000747300000,0x0000000747300000,0x0000000748280000)
 ParOldGen       total 108032K, used 635K [0x0000000643800000, 0x0000000679c80000, 0x0000000741300000)
  object space 108032K, 0% used [0x0000000643800000,0x000000064389ef20,0x000000064a180000)
 Metaspace       used 3237K, capacity 4500K, committed 4864K, reserved 1056768K
  class space    used 354K, capacity 388K, committed 512K, reserved 1048576K
GC Heap History (6 events):
Event: 0.081 GC heap before
{Heap before GC invocations=1 (full 0):
 PSYoungGen      total 114176K, used 5898K [0x0000000741300000, 0x0000000749200000, 0x00000007c0000000)
  eden space 98304K, 6% used [0x0000000741300000,0x00000007418c2930,0x0000000747300000)
  from space 15872K, 0% used [0x0000000748280000,0x0000000748280000,0x0000000749200000)
  to   space 15872K, 0% used [0x0000000747300000,0x0000000747300000,0x0000000748280000)
 ParOldGen       total 261120K, used 0K [0x0000000643800000, 0x0000000653700000, 0x0000000741300000)
  object space 261120K, 0% used [0x0000000643800000,0x0000000643800000,0x0000000653700000)
 Metaspace       used 3237K, capacity 4500K, committed 4864K, reserved 1056768K
  class space    used 354K, capacity 388K, committed 512K, reserved 1048576K
Event: 0.081 GC heap after
Heap after GC invocations=1 (full 0):
 PSYoungGen      total 114176K, used 856K [0x0000000741300000, 0x0000000749200000, 0x00000007c0000000)
  eden space 98304K, 0% used [0x0000000741300000,0x0000000741300000,0x0000000747300000)
  from space 15872K, 5% used [0x0000000747300000,0x00000007473d6030,0x0000000748280000)
  to   space 15872K, 0% used [0x0000000748280000,0x0000000748280000,0x0000000749200000)
 ParOldGen       total 261120K, used 8K [0x0000000643800000, 0x0000000653700000, 0x0000000741300000)
  object space 261120K, 0% used [0x0000000643800000,0x0000000643802000,0x0000000653700000)
 Metaspace       used 3237K, capacity 4500K, committed 4864K, reserved 1056768K
  class space    used 354K, capacity 388K, committed 512K, reserved 1048576K
}
Event: 0.081 GC heap before
{Heap before GC invocations=2 (full 0):
 PSYoungGen      total 114176K, used 856K [0x0000000741300000, 0x0000000749200000, 0x00000007c0000000)
  eden space 98304K, 0% used [0x0000000741300000,0x0000000741300000,0x0000000747300000)
  from space 15872K, 5% used [0x0000000747300000,0x00000007473d6030,0x0000000748280000)
  to   space 15872K, 0% used [0x0000000748280000,0x0000000748280000,0x0000000749200000)
 ParOldGen       total 261120K, used 8K [0x0000000643800000, 0x0000000653700000, 0x0000000741300000)
  object space 261120K, 0% used [0x0000000643800000,0x0000000643802000,0x0000000653700000)
 Metaspace       used 3237K, capacity 4500K, committed 4864K, reserved 1056768K
  class space    used 354K, capacity 388K, committed 512K, reserved 1048576K
Event: 0.082 GC heap after
Heap after GC invocations=2 (full 0):
 PSYoungGen      total 114176K, used 824K [0x0000000741300000, 0x000000074f200000, 0x00000007c0000000)
  eden space 98304K, 0% used [0x0000000741300000,0x0000000741300000,0x0000000747300000)
  from space 15872K, 5% used [0x0000000748280000,0x000000074834e010,0x0000000749200000)
  to   space 15872K, 0% used [0x0000000747300000,0x0000000747300000,0x0000000748280000)
 ParOldGen       total 261120K, used 8K [0x0000000643800000, 0x0000000653700000, 0x0000000741300000)
  object space 261120K, 0% used [0x0000000643800000,0x0000000643802000,0x0000000653700000)
 Metaspace       used 3237K, capacity 4500K, committed 4864K, reserved 1056768K
  class space    used 354K, capacity 388K, committed 512K, reserved 1048576K
}
Event: 0.082 GC heap before
{Heap before GC invocations=3 (full 1):
 PSYoungGen      total 114176K, used 824K [0x0000000741300000, 0x000000074f200000, 0x00000007c0000000)
  eden space 98304K, 0% used [0x0000000741300000,0x0000000741300000,0x0000000747300000)
  from space 15872K, 5% used [0x0000000748280000,0x000000074834e010,0x0000000749200000)
  to   space 15872K, 0% used [0x0000000747300000,0x0000000747300000,0x0000000748280000)
 ParOldGen       total 261120K, used 8K [0x0000000643800000, 0x0000000653700000, 0x0000000741300000)
  object space 261120K, 0% used [0x0000000643800000,0x0000000643802000,0x0000000653700000)
 Metaspace       used 3237K, capacity 4500K, committed 4864K, reserved 1056768K
  class space    used 354K, capacity 388K, committed 512K, reserved 1048576K
Event: 0.086 GC heap after
Heap after GC invocations=3 (full 1):
 PSYoungGen      total 114176K, used 0K [0x0000000741300000, 0x000000074f200000, 0x00000007c0000000)
  eden space 98304K, 0% used [0x0000000741300000,0x0000000741300000,0x0000000747300000)
  from space 15872K, 0% used [0x0000000748280000,0x0000000748280000,0x0000000749200000)
  to   space 15872K, 0% used [0x0000000747300000,0x0000000747300000,0x0000000748280000)
 ParOldGen       total 108032K, used 635K [0x0000000643800000, 0x000000064a180000, 0x0000000741300000)
  object space 108032K, 0% used [0x0000000643800000,0x000000064389ef20,0x000000064a180000)
 Metaspace       used 3237K, capacity 4500K, committed 4864K, reserved 1056768K
  class space    used 354K, capacity 388K, committed 512K, reserved 1048576K
}

